//----------------------------------------------------------------------------//
This Logfile was created on 03-03-17
//----------------------------------------------------------------------------//

03-03-17 18:18:10: SALE ID : 4
03-03-17 18:18:10: SALE Date : 03-03-17 18:18:10
03-03-17 18:18:10: SALE CUST ID : 9
03-03-17 18:18:10: SALE Cash : 49.99
03-03-17 18:18:10: SALE BCT : 0
03-03-17 18:18:10: SALE Visa : 0
03-03-17 18:18:10: SALE Voucher : 0
03-03-17 18:18:10: SALE Check : 0
03-03-17 18:18:10: ITEM ID : 90000004
03-03-17 18:18:10: ITEM Q : 1
03-03-17 18:18:10: ITEM MODEL : 000017014199
03-03-17 18:18:10: ITEM PRODUCT : Halo Reach
03-03-17 18:18:10: ITEM OWNER : 9
03-03-17 18:18:10: ITEM SUPPLIER : 0
03-03-17 18:18:10: SALE PRICE : 49.99
03-03-17 18:18:10: SALE COST : 0
03-03-17 18:54:27 / SALE ID : 5
03-03-17 18:54:27 / SALE Date : 03-03-17 18:54:27
03-03-17 18:54:27 / SALE CUST ID : 9
03-03-17 18:54:27 / SALE Cash : 0
03-03-17 18:54:27 / SALE BCT : 74.99
03-03-17 18:54:27 / SALE Visa : 0
03-03-17 18:54:27 / SALE Voucher : 0
03-03-17 18:54:27 / SALE Check : 0
03-03-17 18:54:27 / ----------
03-03-17 18:54:27 / ITEM ID : 90000005
03-03-17 18:54:27 / ITEM Q : 1
03-03-17 18:54:28 / ITEM MODEL : 5425025600861
03-03-17 18:54:28 / ITEM PRODUCT : Dragon War Phantom 4.1 Mouse Blu
03-03-17 18:54:28 / ITEM OWNER : 9
03-03-17 18:54:28 / ITEM SUPPLIER : 6
03-03-17 18:54:28 / ITEM PRICE : 74.99
03-03-17 18:54:28 / ITEM COST : 39.04
03-03-17 18:54:28 / ---------------------------
03-03-17 18:54:54 / TFT OUT MODEL : 4260183010197
03-03-17 18:54:54 / TFT OUT NAME : Nintendo 64 Controller Grey
03-03-17 18:54:54 / TFT OUT OWNER : 9
03-03-17 18:54:54 / TFT OUT Q : 1
03-03-17 18:54:54 / TFT OUT SUPPLIER : 6
03-03-17 18:54:54 / TFT OUT DATE : 20170303
03-03-17 18:54:54 / TFT OUT COST : 9.26
03-03-17 18:54:54 / TFT OUT PRICE : 14.99
03-03-17 18:54:54 / ---------------------------
03-03-17 18:57:32 / IN MODEL : 4260183010197
03-03-17 18:57:32 / IN NAME : Nintendo 64 Controller Grey
03-03-17 18:57:32 / IN OWNER : 9
03-03-17 18:57:32 / IN Q : 1
03-03-17 18:57:32 / IN SUPPLIER : 6
03-03-17 18:57:32 / IN DATE : 20170303
03-03-17 18:57:32 / IN COST : 0.00
03-03-17 18:57:32 / IN PRICE : 14.99
03-03-17 18:57:32 / ---------------------------
03-03-17 18:58:23 / IN MODEL : 4260183010197
03-03-17 18:58:23 / IN NAME : Nintendo 64 Controller Grey
03-03-17 18:58:23 / IN OWNER : 9
03-03-17 18:58:23 / IN Q : 1
03-03-17 18:58:23 / IN SUPPLIER : 900003
03-03-17 18:58:23 / IN DATE : 20170303
03-03-17 18:58:23 / IN COST : 3.00
03-03-17 18:58:23 / IN PRICE : 12.00
03-03-17 18:58:23 / ---------------------------
23-05-17 09:39:51 / TFT OUT MODEL : 5055856406440
23-05-17 09:39:51 / TFT OUT NAME : Fallout 4
23-05-17 09:39:51 / TFT OUT OWNER : 9
23-05-17 09:39:51 / TFT OUT Q : 1
23-05-17 09:39:51 / TFT OUT SUPPLIER : 6
23-05-17 09:39:51 / TFT OUT DATE : 20170523
23-05-17 09:39:51 / TFT OUT COST : 18.03
23-05-17 09:39:51 / TFT OUT PRICE : 19.99
23-05-17 09:39:51 / TFT OUT MODEL : 5055856406440
23-05-17 09:39:51 / TFT OUT NAME : Fallout 4
23-05-17 09:39:51 / TFT OUT OWNER : 9
23-05-17 09:39:51 / TFT OUT Q : 1
23-05-17 09:39:51 / TFT OUT SUPPLIER : 6
23-05-17 09:39:51 / TFT OUT DATE : 20170523
23-05-17 09:39:51 / TFT OUT COST : 18.03
23-05-17 09:39:51 / TFT OUT PRICE : 19.99
23-05-17 09:39:51 / TFT OUT MODEL : 5055856406440
23-05-17 09:39:51 / TFT OUT NAME : Fallout 4
23-05-17 09:39:51 / TFT OUT OWNER : 9
23-05-17 09:39:51 / TFT OUT Q : 2
23-05-17 09:39:51 / TFT OUT SUPPLIER : 6
23-05-17 09:39:51 / TFT OUT DATE : 20170523
23-05-17 09:39:51 / TFT OUT COST : 18.03
23-05-17 09:39:51 / TFT OUT PRICE : 19.99
23-05-17 09:39:51 / ---------------------------
23-05-17 09:41:17 / TFT OUT MODEL : 5021290064966
23-05-17 09:41:17 / TFT OUT NAME : Final Fantasy Type-0 HD
23-05-17 09:41:17 / TFT OUT OWNER : 9
23-05-17 09:41:17 / TFT OUT Q : 2
23-05-17 09:41:17 / TFT OUT SUPPLIER : 6
23-05-17 09:41:17 / TFT OUT DATE : 20170523
23-05-17 09:41:17 / TFT OUT COST : 15.01
23-05-17 09:41:17 / TFT OUT PRICE : 24.99
23-05-17 09:41:17 / ---------------------------
23-05-17 09:41:46 / TFT OUT MODEL : 5021290064966
23-05-17 09:41:46 / TFT OUT NAME : Final Fantasy Type-0 HD
23-05-17 09:41:46 / TFT OUT OWNER : 9
23-05-17 09:41:46 / TFT OUT Q : 1
23-05-17 09:41:46 / TFT OUT SUPPLIER : 6
23-05-17 09:41:46 / TFT OUT DATE : 20170523
23-05-17 09:41:46 / TFT OUT COST : 15.01
23-05-17 09:41:46 / TFT OUT PRICE : 24.99
23-05-17 09:41:46 / TFT OUT MODEL : 5021290064966
23-05-17 09:41:46 / TFT OUT NAME : Final Fantasy Type-0 HD
23-05-17 09:41:46 / TFT OUT OWNER : 9
23-05-17 09:41:46 / TFT OUT Q : 1
23-05-17 09:41:46 / TFT OUT SUPPLIER : 6
23-05-17 09:41:46 / TFT OUT DATE : 20170523
23-05-17 09:41:46 / TFT OUT COST : 15.01
23-05-17 09:41:46 / TFT OUT PRICE : 24.99
23-05-17 09:41:46 / ---------------------------
23-05-17 10:39:35 / TFT OUT MODEL : 889842121971
23-05-17 10:39:35 / TFT OUT NAME : Xbox One Wireless Bluetooth Cont
23-05-17 10:39:35 / TFT OUT OWNER : 9
23-05-17 10:39:35 / TFT OUT Q : 2
23-05-17 10:39:35 / TFT OUT SUPPLIER : 6
23-05-17 10:39:35 / TFT OUT DATE : 20170523
23-05-17 10:39:35 / TFT OUT COST : 38.21
23-05-17 10:39:35 / TFT OUT PRICE : 54.99
23-05-17 10:39:35 / TFT OUT MODEL : 889842121971
23-05-17 10:39:35 / TFT OUT NAME : Xbox One Wireless Bluetooth Cont
23-05-17 10:39:35 / TFT OUT OWNER : 9
23-05-17 10:39:35 / TFT OUT Q : 1
23-05-17 10:39:35 / TFT OUT SUPPLIER : 6
23-05-17 10:39:35 / TFT OUT DATE : 20170523
23-05-17 10:39:35 / TFT OUT COST : 38.21
23-05-17 10:39:35 / TFT OUT PRICE : 54.99
23-05-17 10:39:35 / TFT OUT MODEL : 889842121971
23-05-17 10:39:35 / TFT OUT NAME : Xbox One Wireless Bluetooth Cont
23-05-17 10:39:35 / TFT OUT OWNER : 9
23-05-17 10:39:35 / TFT OUT Q : 2
23-05-17 10:39:35 / TFT OUT SUPPLIER : 6
23-05-17 10:39:35 / TFT OUT DATE : 20170523
23-05-17 10:39:35 / TFT OUT COST : 38.21
23-05-17 10:39:35 / TFT OUT PRICE : 54.99
23-05-17 10:39:35 / ---------------------------
